[2018-07-18T15:15:25,459][ERROR][o.e.b.Bootstrap          ] Exception
java.lang.StringIndexOutOfBoundsException: String index out of range: -1
	at java.lang.String.substring(String.java:1967) ~[?:1.8.0_77]
	at org.elasticsearch.bootstrap.Security.readPolicy(Security.java:214) ~[classes/:?]
	at org.elasticsearch.bootstrap.Security.getPluginPermissions(Security.java:171) ~[classes/:?]
	at org.elasticsearch.bootstrap.Security.configure(Security.java:118) ~[classes/:?]
	at org.elasticsearch.bootstrap.Bootstrap.setup(Bootstrap.java:228) ~[classes/:?]
	at org.elasticsearch.bootstrap.Bootstrap.init(Bootstrap.java:342) [classes/:?]
	at org.elasticsearch.bootstrap.Elasticsearch.init(Elasticsearch.java:132) [classes/:?]
	at org.elasticsearch.bootstrap.Elasticsearch.execute(Elasticsearch.java:123) [classes/:?]
	at org.elasticsearch.cli.EnvironmentAwareCommand.execute(EnvironmentAwareCommand.java:70) [classes/:?]
	at org.elasticsearch.cli.Command.mainWithoutErrorHandling(Command.java:134) [classes/:?]
	at org.elasticsearch.cli.Command.main(Command.java:90) [classes/:?]
	at org.elasticsearch.bootstrap.Elasticsearch.main(Elasticsearch.java:91) [classes/:?]
	at org.elasticsearch.bootstrap.Elasticsearch.main(Elasticsearch.java:84) [classes/:?]
[2018-07-18T15:15:25,494][WARN ][o.e.b.ElasticsearchUncaughtExceptionHandler] [] uncaught exception in thread [main]
org.elasticsearch.bootstrap.StartupException: java.lang.StringIndexOutOfBoundsException: String index out of range: -1
	at org.elasticsearch.bootstrap.Elasticsearch.init(Elasticsearch.java:136) ~[classes/:?]
	at org.elasticsearch.bootstrap.Elasticsearch.execute(Elasticsearch.java:123) ~[classes/:?]
	at org.elasticsearch.cli.EnvironmentAwareCommand.execute(EnvironmentAwareCommand.java:70) ~[classes/:?]
	at org.elasticsearch.cli.Command.mainWithoutErrorHandling(Command.java:134) ~[classes/:?]
	at org.elasticsearch.cli.Command.main(Command.java:90) ~[classes/:?]
	at org.elasticsearch.bootstrap.Elasticsearch.main(Elasticsearch.java:91) ~[classes/:?]
	at org.elasticsearch.bootstrap.Elasticsearch.main(Elasticsearch.java:84) ~[classes/:?]
Caused by: java.lang.StringIndexOutOfBoundsException: String index out of range: -1
	at java.lang.String.substring(String.java:1967) ~[?:1.8.0_77]
	at org.elasticsearch.bootstrap.Security.readPolicy(Security.java:214) ~[classes/:?]
	at org.elasticsearch.bootstrap.Security.getPluginPermissions(Security.java:171) ~[classes/:?]
	at org.elasticsearch.bootstrap.Security.configure(Security.java:118) ~[classes/:?]
	at org.elasticsearch.bootstrap.Bootstrap.setup(Bootstrap.java:228) ~[classes/:?]
	at org.elasticsearch.bootstrap.Bootstrap.init(Bootstrap.java:342) ~[classes/:?]
	at org.elasticsearch.bootstrap.Elasticsearch.init(Elasticsearch.java:132) ~[classes/:?]
	... 6 more
[2018-07-18T15:18:06,348][ERROR][o.e.b.Bootstrap          ] Exception
java.lang.StringIndexOutOfBoundsException: String index out of range: -1
	at java.lang.String.substring(String.java:1967) ~[?:1.8.0_77]
	at org.elasticsearch.bootstrap.Security.readPolicy(Security.java:214) ~[classes/:?]
	at org.elasticsearch.bootstrap.Security.getPluginPermissions(Security.java:171) ~[classes/:?]
	at org.elasticsearch.bootstrap.Security.configure(Security.java:118) ~[classes/:?]
	at org.elasticsearch.bootstrap.Bootstrap.setup(Bootstrap.java:228) ~[classes/:?]
	at org.elasticsearch.bootstrap.Bootstrap.init(Bootstrap.java:342) [classes/:?]
	at org.elasticsearch.bootstrap.Elasticsearch.init(Elasticsearch.java:132) [classes/:?]
	at org.elasticsearch.bootstrap.Elasticsearch.execute(Elasticsearch.java:123) [classes/:?]
	at org.elasticsearch.cli.EnvironmentAwareCommand.execute(EnvironmentAwareCommand.java:70) [classes/:?]
	at org.elasticsearch.cli.Command.mainWithoutErrorHandling(Command.java:134) [classes/:?]
	at org.elasticsearch.cli.Command.main(Command.java:90) [classes/:?]
	at org.elasticsearch.bootstrap.Elasticsearch.main(Elasticsearch.java:91) [classes/:?]
	at org.elasticsearch.bootstrap.Elasticsearch.main(Elasticsearch.java:84) [classes/:?]
[2018-07-18T15:18:06,379][WARN ][o.e.b.ElasticsearchUncaughtExceptionHandler] [] uncaught exception in thread [main]
org.elasticsearch.bootstrap.StartupException: java.lang.StringIndexOutOfBoundsException: String index out of range: -1
	at org.elasticsearch.bootstrap.Elasticsearch.init(Elasticsearch.java:136) ~[classes/:?]
	at org.elasticsearch.bootstrap.Elasticsearch.execute(Elasticsearch.java:123) ~[classes/:?]
	at org.elasticsearch.cli.EnvironmentAwareCommand.execute(EnvironmentAwareCommand.java:70) ~[classes/:?]
	at org.elasticsearch.cli.Command.mainWithoutErrorHandling(Command.java:134) ~[classes/:?]
	at org.elasticsearch.cli.Command.main(Command.java:90) ~[classes/:?]
	at org.elasticsearch.bootstrap.Elasticsearch.main(Elasticsearch.java:91) ~[classes/:?]
	at org.elasticsearch.bootstrap.Elasticsearch.main(Elasticsearch.java:84) ~[classes/:?]
Caused by: java.lang.StringIndexOutOfBoundsException: String index out of range: -1
	at java.lang.String.substring(String.java:1967) ~[?:1.8.0_77]
	at org.elasticsearch.bootstrap.Security.readPolicy(Security.java:214) ~[classes/:?]
	at org.elasticsearch.bootstrap.Security.getPluginPermissions(Security.java:171) ~[classes/:?]
	at org.elasticsearch.bootstrap.Security.configure(Security.java:118) ~[classes/:?]
	at org.elasticsearch.bootstrap.Bootstrap.setup(Bootstrap.java:228) ~[classes/:?]
	at org.elasticsearch.bootstrap.Bootstrap.init(Bootstrap.java:342) ~[classes/:?]
	at org.elasticsearch.bootstrap.Elasticsearch.init(Elasticsearch.java:132) ~[classes/:?]
	... 6 more
[2018-07-18T15:19:31,446][ERROR][o.e.b.Bootstrap          ] Exception
java.lang.NullPointerException: null
	at org.elasticsearch.bootstrap.Security.readPolicy(Security.java:229) ~[classes/:?]
	at org.elasticsearch.bootstrap.ESPolicy.<init>(ESPolicy.java:53) ~[classes/:?]
	at org.elasticsearch.bootstrap.Security.configure(Security.java:118) ~[classes/:?]
	at org.elasticsearch.bootstrap.Bootstrap.setup(Bootstrap.java:228) ~[classes/:?]
	at org.elasticsearch.bootstrap.Bootstrap.init(Bootstrap.java:342) [classes/:?]
	at org.elasticsearch.bootstrap.Elasticsearch.init(Elasticsearch.java:132) [classes/:?]
	at org.elasticsearch.bootstrap.Elasticsearch.execute(Elasticsearch.java:123) [classes/:?]
	at org.elasticsearch.cli.EnvironmentAwareCommand.execute(EnvironmentAwareCommand.java:70) [classes/:?]
	at org.elasticsearch.cli.Command.mainWithoutErrorHandling(Command.java:134) [classes/:?]
	at org.elasticsearch.cli.Command.main(Command.java:90) [classes/:?]
	at org.elasticsearch.bootstrap.Elasticsearch.main(Elasticsearch.java:91) [classes/:?]
	at org.elasticsearch.bootstrap.Elasticsearch.main(Elasticsearch.java:84) [classes/:?]
[2018-07-18T15:19:31,480][WARN ][o.e.b.ElasticsearchUncaughtExceptionHandler] [] uncaught exception in thread [main]
org.elasticsearch.bootstrap.StartupException: java.lang.NullPointerException
	at org.elasticsearch.bootstrap.Elasticsearch.init(Elasticsearch.java:136) ~[classes/:?]
	at org.elasticsearch.bootstrap.Elasticsearch.execute(Elasticsearch.java:123) ~[classes/:?]
	at org.elasticsearch.cli.EnvironmentAwareCommand.execute(EnvironmentAwareCommand.java:70) ~[classes/:?]
	at org.elasticsearch.cli.Command.mainWithoutErrorHandling(Command.java:134) ~[classes/:?]
	at org.elasticsearch.cli.Command.main(Command.java:90) ~[classes/:?]
	at org.elasticsearch.bootstrap.Elasticsearch.main(Elasticsearch.java:91) ~[classes/:?]
	at org.elasticsearch.bootstrap.Elasticsearch.main(Elasticsearch.java:84) ~[classes/:?]
Caused by: java.lang.NullPointerException
	at org.elasticsearch.bootstrap.Security.readPolicy(Security.java:229) ~[classes/:?]
	at org.elasticsearch.bootstrap.ESPolicy.<init>(ESPolicy.java:53) ~[classes/:?]
	at org.elasticsearch.bootstrap.Security.configure(Security.java:118) ~[classes/:?]
	at org.elasticsearch.bootstrap.Bootstrap.setup(Bootstrap.java:228) ~[classes/:?]
	at org.elasticsearch.bootstrap.Bootstrap.init(Bootstrap.java:342) ~[classes/:?]
	at org.elasticsearch.bootstrap.Elasticsearch.init(Elasticsearch.java:132) ~[classes/:?]
	... 6 more
[2018-07-18T15:24:48,902][ERROR][o.e.b.Bootstrap          ] Exception
java.lang.NullPointerException: null
	at org.elasticsearch.bootstrap.Security.readPolicy(Security.java:229) ~[classes/:?]
	at org.elasticsearch.bootstrap.ESPolicy.<init>(ESPolicy.java:53) ~[classes/:?]
	at org.elasticsearch.bootstrap.Security.configure(Security.java:118) ~[classes/:?]
	at org.elasticsearch.bootstrap.Bootstrap.setup(Bootstrap.java:228) ~[classes/:?]
	at org.elasticsearch.bootstrap.Bootstrap.init(Bootstrap.java:342) [classes/:?]
	at org.elasticsearch.bootstrap.Elasticsearch.init(Elasticsearch.java:132) [classes/:?]
	at org.elasticsearch.bootstrap.Elasticsearch.execute(Elasticsearch.java:123) [classes/:?]
	at org.elasticsearch.cli.EnvironmentAwareCommand.execute(EnvironmentAwareCommand.java:70) [classes/:?]
	at org.elasticsearch.cli.Command.mainWithoutErrorHandling(Command.java:134) [classes/:?]
	at org.elasticsearch.cli.Command.main(Command.java:90) [classes/:?]
	at org.elasticsearch.bootstrap.Elasticsearch.main(Elasticsearch.java:91) [classes/:?]
	at org.elasticsearch.bootstrap.Elasticsearch.main(Elasticsearch.java:84) [classes/:?]
[2018-07-18T15:24:48,933][WARN ][o.e.b.ElasticsearchUncaughtExceptionHandler] [] uncaught exception in thread [main]
org.elasticsearch.bootstrap.StartupException: java.lang.NullPointerException
	at org.elasticsearch.bootstrap.Elasticsearch.init(Elasticsearch.java:136) ~[classes/:?]
	at org.elasticsearch.bootstrap.Elasticsearch.execute(Elasticsearch.java:123) ~[classes/:?]
	at org.elasticsearch.cli.EnvironmentAwareCommand.execute(EnvironmentAwareCommand.java:70) ~[classes/:?]
	at org.elasticsearch.cli.Command.mainWithoutErrorHandling(Command.java:134) ~[classes/:?]
	at org.elasticsearch.cli.Command.main(Command.java:90) ~[classes/:?]
	at org.elasticsearch.bootstrap.Elasticsearch.main(Elasticsearch.java:91) ~[classes/:?]
	at org.elasticsearch.bootstrap.Elasticsearch.main(Elasticsearch.java:84) ~[classes/:?]
Caused by: java.lang.NullPointerException
	at org.elasticsearch.bootstrap.Security.readPolicy(Security.java:229) ~[classes/:?]
	at org.elasticsearch.bootstrap.ESPolicy.<init>(ESPolicy.java:53) ~[classes/:?]
	at org.elasticsearch.bootstrap.Security.configure(Security.java:118) ~[classes/:?]
	at org.elasticsearch.bootstrap.Bootstrap.setup(Bootstrap.java:228) ~[classes/:?]
	at org.elasticsearch.bootstrap.Bootstrap.init(Bootstrap.java:342) ~[classes/:?]
	at org.elasticsearch.bootstrap.Elasticsearch.init(Elasticsearch.java:132) ~[classes/:?]
	... 6 more
[2018-07-18T15:33:51,378][ERROR][o.e.b.Bootstrap          ] Exception
java.lang.NullPointerException: null
	at org.elasticsearch.bootstrap.ESPolicy.implies(ESPolicy.java:102) ~[classes/:?]
	at java.security.ProtectionDomain.implies(ProtectionDomain.java:281) ~[?:1.8.0_77]
	at java.lang.System$1.run(System.java:316) ~[?:1.8.0_77]
	at java.security.AccessController.doPrivileged(Native Method) ~[?:1.8.0_77]
	at java.lang.System.setSecurityManager0(System.java:313) ~[?:1.8.0_77]
	at java.lang.System.setSecurityManager(System.java:291) ~[?:1.8.0_77]
	at org.elasticsearch.bootstrap.Security.configure(Security.java:121) ~[classes/:?]
	at org.elasticsearch.bootstrap.Bootstrap.setup(Bootstrap.java:228) ~[classes/:?]
	at org.elasticsearch.bootstrap.Bootstrap.init(Bootstrap.java:342) [classes/:?]
	at org.elasticsearch.bootstrap.Elasticsearch.init(Elasticsearch.java:132) [classes/:?]
	at org.elasticsearch.bootstrap.Elasticsearch.execute(Elasticsearch.java:123) [classes/:?]
	at org.elasticsearch.cli.EnvironmentAwareCommand.execute(EnvironmentAwareCommand.java:70) [classes/:?]
	at org.elasticsearch.cli.Command.mainWithoutErrorHandling(Command.java:134) [classes/:?]
	at org.elasticsearch.cli.Command.main(Command.java:90) [classes/:?]
	at org.elasticsearch.bootstrap.Elasticsearch.main(Elasticsearch.java:91) [classes/:?]
	at org.elasticsearch.bootstrap.Elasticsearch.main(Elasticsearch.java:84) [classes/:?]
[2018-07-18T15:33:51,410][WARN ][o.e.b.ElasticsearchUncaughtExceptionHandler] [] uncaught exception in thread [main]
org.elasticsearch.bootstrap.StartupException: java.lang.NullPointerException
	at org.elasticsearch.bootstrap.Elasticsearch.init(Elasticsearch.java:136) ~[classes/:?]
	at org.elasticsearch.bootstrap.Elasticsearch.execute(Elasticsearch.java:123) ~[classes/:?]
	at org.elasticsearch.cli.EnvironmentAwareCommand.execute(EnvironmentAwareCommand.java:70) ~[classes/:?]
	at org.elasticsearch.cli.Command.mainWithoutErrorHandling(Command.java:134) ~[classes/:?]
	at org.elasticsearch.cli.Command.main(Command.java:90) ~[classes/:?]
	at org.elasticsearch.bootstrap.Elasticsearch.main(Elasticsearch.java:91) ~[classes/:?]
	at org.elasticsearch.bootstrap.Elasticsearch.main(Elasticsearch.java:84) ~[classes/:?]
Caused by: java.lang.NullPointerException
	at org.elasticsearch.bootstrap.ESPolicy.implies(ESPolicy.java:102) ~[classes/:?]
	at java.security.ProtectionDomain.implies(ProtectionDomain.java:281) ~[?:1.8.0_77]
	at java.lang.System$1.run(System.java:316) ~[?:1.8.0_77]
	at java.security.AccessController.doPrivileged(Native Method) ~[?:1.8.0_77]
	at java.lang.System.setSecurityManager0(System.java:313) ~[?:1.8.0_77]
	at java.lang.System.setSecurityManager(System.java:291) ~[?:1.8.0_77]
	at org.elasticsearch.bootstrap.Security.configure(Security.java:121) ~[classes/:?]
	at org.elasticsearch.bootstrap.Bootstrap.setup(Bootstrap.java:228) ~[classes/:?]
	at org.elasticsearch.bootstrap.Bootstrap.init(Bootstrap.java:342) ~[classes/:?]
	at org.elasticsearch.bootstrap.Elasticsearch.init(Elasticsearch.java:132) ~[classes/:?]
	... 6 more
[2018-07-18T15:38:55,229][INFO ][o.e.n.Node               ] [] initializing ...
[2018-07-18T15:38:55,893][INFO ][o.e.e.NodeEnvironment    ] [PbU7mPh] using [1] data paths, mounts [[(E:)]], net usable_space [244.1gb], net total_space [259.9gb], spins? [unknown], types [NTFS]
[2018-07-18T15:38:55,893][INFO ][o.e.e.NodeEnvironment    ] [PbU7mPh] heap size [1.7gb], compressed ordinary object pointers [true]
[2018-07-18T15:38:55,896][INFO ][o.e.n.Node               ] node name [PbU7mPh] derived from node ID [PbU7mPhIRlC2pt2JAUEM_g]; set [node.name] to override
[2018-07-18T15:38:55,896][INFO ][o.e.n.Node               ] version[5.6.4-SNAPSHOT], pid[8704], build[Unknown/Unknown], OS[Windows 7/6.1/amd64], JVM[Oracle Corporation/Java HotSpot(TM) 64-Bit Server VM/1.8.0_77/25.77-b03]
[2018-07-18T15:38:55,897][INFO ][o.e.n.Node               ] JVM arguments [-Des.path.home=E:/git/esearch-elasticsearch/core, -Dlog4j2.disable.jmx=true, -javaagent:D:\Program Files\JetBrains\IntelliJ IDEA Community Edition 2018.1.1\lib\idea_rt.jar=50200:D:\Program Files\JetBrains\IntelliJ IDEA Community Edition 2018.1.1\bin, -Dfile.encoding=UTF-8]
[2018-07-18T15:38:55,897][WARN ][o.e.n.Node               ] version [5.6.4-SNAPSHOT] is a pre-release version of Elasticsearch and is not suitable for production
[2018-07-18T15:38:57,166][ERROR][o.e.b.ElasticsearchUncaughtExceptionHandler] [] fatal error in thread [main], exiting
java.util.ServiceConfigurationError: Cannot instantiate SPI class: org.apache.lucene.codecs.lucene50.Lucene50Codec
	at org.apache.lucene.util.NamedSPILoader.reload(NamedSPILoader.java:82) ~[classes/:?]
	at org.apache.lucene.util.NamedSPILoader.<init>(NamedSPILoader.java:51) ~[classes/:?]
	at org.apache.lucene.util.NamedSPILoader.<init>(NamedSPILoader.java:38) ~[classes/:?]
	at org.apache.lucene.codecs.Codec$Holder.<clinit>(Codec.java:47) ~[classes/:?]
	at org.apache.lucene.codecs.Codec.reloadCodecs(Codec.java:136) ~[classes/:?]
	at org.elasticsearch.plugins.PluginsService.reloadLuceneSPI(PluginsService.java:409) ~[classes/:?]
	at org.elasticsearch.plugins.PluginsService.loadBundles(PluginsService.java:388) ~[classes/:?]
	at org.elasticsearch.plugins.PluginsService.<init>(PluginsService.java:141) ~[classes/:?]
	at org.elasticsearch.node.Node.<init>(Node.java:313) ~[classes/:?]
	at org.elasticsearch.node.Node.<init>(Node.java:245) ~[classes/:?]
	at org.elasticsearch.bootstrap.Bootstrap$5.<init>(Bootstrap.java:233) ~[classes/:?]
	at org.elasticsearch.bootstrap.Bootstrap.setup(Bootstrap.java:233) ~[classes/:?]
	at org.elasticsearch.bootstrap.Bootstrap.init(Bootstrap.java:342) ~[classes/:?]
	at org.elasticsearch.bootstrap.Elasticsearch.init(Elasticsearch.java:132) ~[classes/:?]
	at org.elasticsearch.bootstrap.Elasticsearch.execute(Elasticsearch.java:123) ~[classes/:?]
	at org.elasticsearch.cli.EnvironmentAwareCommand.execute(EnvironmentAwareCommand.java:70) ~[classes/:?]
	at org.elasticsearch.cli.Command.mainWithoutErrorHandling(Command.java:134) ~[classes/:?]
	at org.elasticsearch.cli.Command.main(Command.java:90) ~[classes/:?]
	at org.elasticsearch.bootstrap.Elasticsearch.main(Elasticsearch.java:91) ~[classes/:?]
	at org.elasticsearch.bootstrap.Elasticsearch.main(Elasticsearch.java:84) ~[classes/:?]
Caused by: java.lang.IllegalArgumentException: An SPI class of type org.apache.lucene.codecs.PostingsFormat with name 'Lucene50' does not exist.  You need to add the corresponding JAR file supporting this SPI to your classpath.  The current classpath supports the following names: [completion, completion090, IDVersion]
	at org.apache.lucene.util.NamedSPILoader.lookup(NamedSPILoader.java:116) ~[classes/:?]
	at org.apache.lucene.codecs.PostingsFormat.forName(PostingsFormat.java:112) ~[classes/:?]
	at org.apache.lucene.codecs.lucene50.Lucene50Codec.<init>(Lucene50Codec.java:161) ~[classes/:?]
	at org.apache.lucene.codecs.lucene50.Lucene50Codec.<init>(Lucene50Codec.java:76) ~[classes/:?]
	at sun.reflect.NativeConstructorAccessorImpl.newInstance0(Native Method) ~[?:?]
	at sun.reflect.NativeConstructorAccessorImpl.newInstance(NativeConstructorAccessorImpl.java:62) ~[?:?]
	at sun.reflect.DelegatingConstructorAccessorImpl.newInstance(DelegatingConstructorAccessorImpl.java:45) ~[?:?]
	at java.lang.reflect.Constructor.newInstance(Constructor.java:423) ~[?:1.8.0_77]
	at java.lang.Class.newInstance(Class.java:442) ~[?:1.8.0_77]
	at org.apache.lucene.util.NamedSPILoader.reload(NamedSPILoader.java:72) ~[classes/:?]
	... 19 more
[2018-07-18T15:44:49,090][INFO ][o.e.n.Node               ] [] initializing ...
[2018-07-18T15:44:49,315][INFO ][o.e.e.NodeEnvironment    ] [PbU7mPh] using [1] data paths, mounts [[(E:)]], net usable_space [244.1gb], net total_space [259.9gb], spins? [unknown], types [NTFS]
[2018-07-18T15:44:49,315][INFO ][o.e.e.NodeEnvironment    ] [PbU7mPh] heap size [1.7gb], compressed ordinary object pointers [true]
[2018-07-18T15:44:49,317][INFO ][o.e.n.Node               ] node name [PbU7mPh] derived from node ID [PbU7mPhIRlC2pt2JAUEM_g]; set [node.name] to override
[2018-07-18T15:44:49,317][INFO ][o.e.n.Node               ] version[5.6.4-SNAPSHOT], pid[4160], build[Unknown/Unknown], OS[Windows 7/6.1/amd64], JVM[Oracle Corporation/Java HotSpot(TM) 64-Bit Server VM/1.8.0_77/25.77-b03]
[2018-07-18T15:44:49,318][INFO ][o.e.n.Node               ] JVM arguments [-Des.path.home=E:/git/esearch-elasticsearch/core, -Dlog4j2.disable.jmx=true, -javaagent:D:\Program Files\JetBrains\IntelliJ IDEA Community Edition 2018.1.1\lib\idea_rt.jar=50811:D:\Program Files\JetBrains\IntelliJ IDEA Community Edition 2018.1.1\bin, -Dfile.encoding=UTF-8]
[2018-07-18T15:44:49,318][WARN ][o.e.n.Node               ] version [5.6.4-SNAPSHOT] is a pre-release version of Elasticsearch and is not suitable for production
[2018-07-18T15:44:50,304][ERROR][o.e.b.ElasticsearchUncaughtExceptionHandler] [] fatal error in thread [main], exiting
java.util.ServiceConfigurationError: Cannot instantiate SPI class: org.apache.lucene.codecs.lucene53.Lucene53Codec
	at org.apache.lucene.util.NamedSPILoader.reload(NamedSPILoader.java:82) ~[classes/:?]
	at org.apache.lucene.util.NamedSPILoader.<init>(NamedSPILoader.java:51) ~[classes/:?]
	at org.apache.lucene.util.NamedSPILoader.<init>(NamedSPILoader.java:38) ~[classes/:?]
	at org.apache.lucene.codecs.Codec$Holder.<clinit>(Codec.java:47) ~[classes/:?]
	at org.apache.lucene.codecs.Codec.reloadCodecs(Codec.java:136) ~[classes/:?]
	at org.elasticsearch.plugins.PluginsService.reloadLuceneSPI(PluginsService.java:409) ~[classes/:?]
	at org.elasticsearch.plugins.PluginsService.loadBundles(PluginsService.java:388) ~[classes/:?]
	at org.elasticsearch.plugins.PluginsService.<init>(PluginsService.java:141) ~[classes/:?]
	at org.elasticsearch.node.Node.<init>(Node.java:313) ~[classes/:?]
	at org.elasticsearch.node.Node.<init>(Node.java:245) ~[classes/:?]
	at org.elasticsearch.bootstrap.Bootstrap$5.<init>(Bootstrap.java:233) ~[classes/:?]
	at org.elasticsearch.bootstrap.Bootstrap.setup(Bootstrap.java:233) ~[classes/:?]
	at org.elasticsearch.bootstrap.Bootstrap.init(Bootstrap.java:342) ~[classes/:?]
	at org.elasticsearch.bootstrap.Elasticsearch.init(Elasticsearch.java:132) ~[classes/:?]
	at org.elasticsearch.bootstrap.Elasticsearch.execute(Elasticsearch.java:123) ~[classes/:?]
	at org.elasticsearch.cli.EnvironmentAwareCommand.execute(EnvironmentAwareCommand.java:70) ~[classes/:?]
	at org.elasticsearch.cli.Command.mainWithoutErrorHandling(Command.java:134) ~[classes/:?]
	at org.elasticsearch.cli.Command.main(Command.java:90) ~[classes/:?]
	at org.elasticsearch.bootstrap.Elasticsearch.main(Elasticsearch.java:91) ~[classes/:?]
	at org.elasticsearch.bootstrap.Elasticsearch.main(Elasticsearch.java:84) ~[classes/:?]
Caused by: java.lang.IllegalArgumentException: An SPI class of type org.apache.lucene.codecs.PostingsFormat with name 'Lucene50' does not exist.  You need to add the corresponding JAR file supporting this SPI to your classpath.  The current classpath supports the following names: [completion, completion090, IDVersion]
	at org.apache.lucene.util.NamedSPILoader.lookup(NamedSPILoader.java:116) ~[classes/:?]
	at org.apache.lucene.codecs.PostingsFormat.forName(PostingsFormat.java:112) ~[classes/:?]
	at org.apache.lucene.codecs.lucene53.Lucene53Codec.<init>(Lucene53Codec.java:167) ~[classes/:?]
	at org.apache.lucene.codecs.lucene53.Lucene53Codec.<init>(Lucene53Codec.java:82) ~[classes/:?]
	at sun.reflect.NativeConstructorAccessorImpl.newInstance0(Native Method) ~[?:?]
	at sun.reflect.NativeConstructorAccessorImpl.newInstance(NativeConstructorAccessorImpl.java:62) ~[?:?]
	at sun.reflect.DelegatingConstructorAccessorImpl.newInstance(DelegatingConstructorAccessorImpl.java:45) ~[?:?]
	at java.lang.reflect.Constructor.newInstance(Constructor.java:423) ~[?:1.8.0_77]
	at java.lang.Class.newInstance(Class.java:442) ~[?:1.8.0_77]
	at org.apache.lucene.util.NamedSPILoader.reload(NamedSPILoader.java:72) ~[classes/:?]
	... 19 more
[2018-07-18T15:47:24,262][INFO ][o.e.n.Node               ] [] initializing ...
[2018-07-18T15:47:24,438][INFO ][o.e.e.NodeEnvironment    ] [PbU7mPh] using [1] data paths, mounts [[(E:)]], net usable_space [244.1gb], net total_space [259.9gb], spins? [unknown], types [NTFS]
[2018-07-18T15:47:24,439][INFO ][o.e.e.NodeEnvironment    ] [PbU7mPh] heap size [1.7gb], compressed ordinary object pointers [true]
[2018-07-18T15:47:24,441][INFO ][o.e.n.Node               ] node name [PbU7mPh] derived from node ID [PbU7mPhIRlC2pt2JAUEM_g]; set [node.name] to override
[2018-07-18T15:47:24,441][INFO ][o.e.n.Node               ] version[5.6.4-SNAPSHOT], pid[19504], build[Unknown/Unknown], OS[Windows 7/6.1/amd64], JVM[Oracle Corporation/Java HotSpot(TM) 64-Bit Server VM/1.8.0_77/25.77-b03]
[2018-07-18T15:47:24,441][INFO ][o.e.n.Node               ] JVM arguments [-Des.path.home=E:/git/esearch-elasticsearch/core, -Dlog4j2.disable.jmx=true, -javaagent:D:\Program Files\JetBrains\IntelliJ IDEA Community Edition 2018.1.1\lib\idea_rt.jar=51016:D:\Program Files\JetBrains\IntelliJ IDEA Community Edition 2018.1.1\bin, -Dfile.encoding=UTF-8]
[2018-07-18T15:47:24,441][WARN ][o.e.n.Node               ] version [5.6.4-SNAPSHOT] is a pre-release version of Elasticsearch and is not suitable for production
[2018-07-18T15:47:25,459][ERROR][o.e.b.ElasticsearchUncaughtExceptionHandler] [] fatal error in thread [main], exiting
java.util.ServiceConfigurationError: Cannot instantiate SPI class: org.apache.lucene.codecs.lucene53.Lucene53Codec
	at org.apache.lucene.util.NamedSPILoader.reload(NamedSPILoader.java:82) ~[classes/:?]
	at org.apache.lucene.util.NamedSPILoader.<init>(NamedSPILoader.java:51) ~[classes/:?]
	at org.apache.lucene.util.NamedSPILoader.<init>(NamedSPILoader.java:38) ~[classes/:?]
	at org.apache.lucene.codecs.Codec$Holder.<clinit>(Codec.java:47) ~[classes/:?]
	at org.apache.lucene.codecs.Codec.reloadCodecs(Codec.java:136) ~[classes/:?]
	at org.elasticsearch.plugins.PluginsService.reloadLuceneSPI(PluginsService.java:409) ~[classes/:?]
	at org.elasticsearch.plugins.PluginsService.loadBundles(PluginsService.java:388) ~[classes/:?]
	at org.elasticsearch.plugins.PluginsService.<init>(PluginsService.java:141) ~[classes/:?]
	at org.elasticsearch.node.Node.<init>(Node.java:313) ~[classes/:?]
	at org.elasticsearch.node.Node.<init>(Node.java:245) ~[classes/:?]
	at org.elasticsearch.bootstrap.Bootstrap$5.<init>(Bootstrap.java:233) ~[classes/:?]
	at org.elasticsearch.bootstrap.Bootstrap.setup(Bootstrap.java:233) ~[classes/:?]
	at org.elasticsearch.bootstrap.Bootstrap.init(Bootstrap.java:342) ~[classes/:?]
	at org.elasticsearch.bootstrap.Elasticsearch.init(Elasticsearch.java:132) ~[classes/:?]
	at org.elasticsearch.bootstrap.Elasticsearch.execute(Elasticsearch.java:123) ~[classes/:?]
	at org.elasticsearch.cli.EnvironmentAwareCommand.execute(EnvironmentAwareCommand.java:70) ~[classes/:?]
	at org.elasticsearch.cli.Command.mainWithoutErrorHandling(Command.java:134) ~[classes/:?]
	at org.elasticsearch.cli.Command.main(Command.java:90) ~[classes/:?]
	at org.elasticsearch.bootstrap.Elasticsearch.main(Elasticsearch.java:91) ~[classes/:?]
	at org.elasticsearch.bootstrap.Elasticsearch.main(Elasticsearch.java:84) ~[classes/:?]
Caused by: java.lang.IllegalArgumentException: An SPI class of type org.apache.lucene.codecs.PostingsFormat with name 'Lucene50' does not exist.  You need to add the corresponding JAR file supporting this SPI to your classpath.  The current classpath supports the following names: [completion, completion090, IDVersion]
	at org.apache.lucene.util.NamedSPILoader.lookup(NamedSPILoader.java:116) ~[classes/:?]
	at org.apache.lucene.codecs.PostingsFormat.forName(PostingsFormat.java:112) ~[classes/:?]
	at org.apache.lucene.codecs.lucene53.Lucene53Codec.<init>(Lucene53Codec.java:167) ~[classes/:?]
	at org.apache.lucene.codecs.lucene53.Lucene53Codec.<init>(Lucene53Codec.java:82) ~[classes/:?]
	at sun.reflect.NativeConstructorAccessorImpl.newInstance0(Native Method) ~[?:?]
	at sun.reflect.NativeConstructorAccessorImpl.newInstance(NativeConstructorAccessorImpl.java:62) ~[?:?]
	at sun.reflect.DelegatingConstructorAccessorImpl.newInstance(DelegatingConstructorAccessorImpl.java:45) ~[?:?]
	at java.lang.reflect.Constructor.newInstance(Constructor.java:423) ~[?:1.8.0_77]
	at java.lang.Class.newInstance(Class.java:442) ~[?:1.8.0_77]
	at org.apache.lucene.util.NamedSPILoader.reload(NamedSPILoader.java:72) ~[classes/:?]
	... 19 more
[2018-07-18T15:48:52,501][INFO ][o.e.n.Node               ] [] initializing ...
[2018-07-18T15:48:52,681][INFO ][o.e.e.NodeEnvironment    ] [PbU7mPh] using [1] data paths, mounts [[(E:)]], net usable_space [244.1gb], net total_space [259.9gb], spins? [unknown], types [NTFS]
[2018-07-18T15:48:52,681][INFO ][o.e.e.NodeEnvironment    ] [PbU7mPh] heap size [1.7gb], compressed ordinary object pointers [true]
[2018-07-18T15:48:52,684][INFO ][o.e.n.Node               ] node name [PbU7mPh] derived from node ID [PbU7mPhIRlC2pt2JAUEM_g]; set [node.name] to override
[2018-07-18T15:48:52,684][INFO ][o.e.n.Node               ] version[5.6.4-SNAPSHOT], pid[18716], build[Unknown/Unknown], OS[Windows 7/6.1/amd64], JVM[Oracle Corporation/Java HotSpot(TM) 64-Bit Server VM/1.8.0_77/25.77-b03]
[2018-07-18T15:48:52,685][INFO ][o.e.n.Node               ] JVM arguments [-Des.path.home=E:/git/esearch-elasticsearch/core, -Dlog4j2.disable.jmx=true, -javaagent:D:\Program Files\JetBrains\IntelliJ IDEA Community Edition 2018.1.1\lib\idea_rt.jar=51150:D:\Program Files\JetBrains\IntelliJ IDEA Community Edition 2018.1.1\bin, -Dfile.encoding=UTF-8]
[2018-07-18T15:48:52,685][WARN ][o.e.n.Node               ] version [5.6.4-SNAPSHOT] is a pre-release version of Elasticsearch and is not suitable for production
[2018-07-18T15:49:05,496][INFO ][o.e.p.PluginsService     ] [PbU7mPh] loaded module [aggs-matrix-stats]
[2018-07-18T15:49:05,496][INFO ][o.e.p.PluginsService     ] [PbU7mPh] loaded module [ingest-common]
[2018-07-18T15:49:05,496][INFO ][o.e.p.PluginsService     ] [PbU7mPh] loaded module [lang-expression]
[2018-07-18T15:49:05,497][INFO ][o.e.p.PluginsService     ] [PbU7mPh] loaded module [lang-groovy]
[2018-07-18T15:49:05,497][INFO ][o.e.p.PluginsService     ] [PbU7mPh] loaded module [lang-mustache]
[2018-07-18T15:49:05,497][INFO ][o.e.p.PluginsService     ] [PbU7mPh] loaded module [lang-painless]
[2018-07-18T15:49:05,497][INFO ][o.e.p.PluginsService     ] [PbU7mPh] loaded module [parent-join]
[2018-07-18T15:49:05,497][INFO ][o.e.p.PluginsService     ] [PbU7mPh] loaded module [percolator]
[2018-07-18T15:49:05,497][INFO ][o.e.p.PluginsService     ] [PbU7mPh] loaded module [reindex]
[2018-07-18T15:49:05,497][INFO ][o.e.p.PluginsService     ] [PbU7mPh] loaded module [transport-netty3]
[2018-07-18T15:49:05,497][INFO ][o.e.p.PluginsService     ] [PbU7mPh] loaded module [transport-netty4]
[2018-07-18T15:49:05,498][INFO ][o.e.p.PluginsService     ] [PbU7mPh] no plugins loaded
[2018-07-18T15:49:08,090][ERROR][o.e.b.ElasticsearchUncaughtExceptionHandler] [] fatal error in thread [main], exiting
java.lang.ExceptionInInitializerError: null
	at org.apache.lucene.analysis.miscellaneous.StemmerOverrideFilter$Builder.build(StemmerOverrideFilter.java:205) ~[classes/:?]
	at org.apache.lucene.analysis.nl.DutchAnalyzer.<init>(DutchAnalyzer.java:133) ~[classes/:?]
	at org.apache.lucene.analysis.nl.DutchAnalyzer.<init>(DutchAnalyzer.java:106) ~[classes/:?]
	at org.elasticsearch.indices.analysis.PreBuiltAnalyzers$20.create(PreBuiltAnalyzers.java:246) ~[classes/:?]
	at org.elasticsearch.indices.analysis.PreBuiltAnalyzers.getAnalyzer(PreBuiltAnalyzers.java:487) ~[classes/:?]
	at org.elasticsearch.index.analysis.AnalysisRegistry$PrebuiltAnalysis.<init>(AnalysisRegistry.java:407) ~[classes/:?]
	at org.elasticsearch.index.analysis.AnalysisRegistry$PrebuiltAnalysis.<init>(AnalysisRegistry.java:392) ~[classes/:?]
	at org.elasticsearch.index.analysis.AnalysisRegistry.<init>(AnalysisRegistry.java:62) ~[classes/:?]
	at org.elasticsearch.indices.analysis.AnalysisModule.<init>(AnalysisModule.java:177) ~[classes/:?]
	at org.elasticsearch.node.Node.<init>(Node.java:340) ~[classes/:?]
	at org.elasticsearch.node.Node.<init>(Node.java:245) ~[classes/:?]
	at org.elasticsearch.bootstrap.Bootstrap$5.<init>(Bootstrap.java:233) ~[classes/:?]
	at org.elasticsearch.bootstrap.Bootstrap.setup(Bootstrap.java:233) ~[classes/:?]
	at org.elasticsearch.bootstrap.Bootstrap.init(Bootstrap.java:342) ~[classes/:?]
	at org.elasticsearch.bootstrap.Elasticsearch.init(Elasticsearch.java:132) ~[classes/:?]
	at org.elasticsearch.bootstrap.Elasticsearch.execute(Elasticsearch.java:123) ~[classes/:?]
	at org.elasticsearch.cli.EnvironmentAwareCommand.execute(EnvironmentAwareCommand.java:70) ~[classes/:?]
	at org.elasticsearch.cli.Command.mainWithoutErrorHandling(Command.java:134) ~[classes/:?]
	at org.elasticsearch.cli.Command.main(Command.java:90) ~[classes/:?]
	at org.elasticsearch.bootstrap.Elasticsearch.main(Elasticsearch.java:91) ~[classes/:?]
	at org.elasticsearch.bootstrap.Elasticsearch.main(Elasticsearch.java:84) ~[classes/:?]
Caused by: java.security.AccessControlException: access denied ("java.lang.RuntimePermission" "accessDeclaredMembers")
	at java.security.AccessControlContext.checkPermission(AccessControlContext.java:472) ~[?:1.8.0_77]
	at java.security.AccessController.checkPermission(AccessController.java:884) ~[?:1.8.0_77]
	at java.lang.SecurityManager.checkPermission(SecurityManager.java:549) ~[?:1.8.0_77]
	at java.lang.Class.checkMemberAccess(Class.java:2348) ~[?:1.8.0_77]
	at java.lang.Class.getDeclaredFields(Class.java:1915) ~[?:1.8.0_77]
	at org.apache.lucene.util.RamUsageEstimator$1.run(RamUsageEstimator.java:339) ~[classes/:?]
	at org.apache.lucene.util.RamUsageEstimator$1.run(RamUsageEstimator.java:336) ~[classes/:?]
	at java.security.AccessController.doPrivileged(Native Method) ~[?:1.8.0_77]
	at org.apache.lucene.util.RamUsageEstimator.shallowSizeOfInstance(RamUsageEstimator.java:336) ~[classes/:?]
	at org.apache.lucene.util.RamUsageEstimator.shallowSizeOf(RamUsageEstimator.java:313) ~[classes/:?]
	at org.apache.lucene.util.fst.ByteSequenceOutputs.<clinit>(ByteSequenceOutputs.java:154) ~[classes/:?]
	... 21 more
[2018-07-18T15:54:18,652][INFO ][o.e.n.Node               ] [] initializing ...
[2018-07-18T15:54:18,827][INFO ][o.e.e.NodeEnvironment    ] [PbU7mPh] using [1] data paths, mounts [[(E:)]], net usable_space [244.1gb], net total_space [259.9gb], spins? [unknown], types [NTFS]
[2018-07-18T15:54:18,827][INFO ][o.e.e.NodeEnvironment    ] [PbU7mPh] heap size [1.7gb], compressed ordinary object pointers [true]
[2018-07-18T15:54:18,829][INFO ][o.e.n.Node               ] node name [PbU7mPh] derived from node ID [PbU7mPhIRlC2pt2JAUEM_g]; set [node.name] to override
[2018-07-18T15:54:18,829][INFO ][o.e.n.Node               ] version[5.6.4-SNAPSHOT], pid[3432], build[Unknown/Unknown], OS[Windows 7/6.1/amd64], JVM[Oracle Corporation/Java HotSpot(TM) 64-Bit Server VM/1.8.0_77/25.77-b03]
[2018-07-18T15:54:18,829][INFO ][o.e.n.Node               ] JVM arguments [-Des.path.home=E:/git/esearch-elasticsearch/core, -Dlog4j2.disable.jmx=true, -javaagent:D:\Program Files\JetBrains\IntelliJ IDEA Community Edition 2018.1.1\lib\idea_rt.jar=51688:D:\Program Files\JetBrains\IntelliJ IDEA Community Edition 2018.1.1\bin, -Dfile.encoding=UTF-8]
[2018-07-18T15:54:18,829][WARN ][o.e.n.Node               ] version [5.6.4-SNAPSHOT] is a pre-release version of Elasticsearch and is not suitable for production
[2018-07-18T15:54:28,584][INFO ][o.e.p.PluginsService     ] [PbU7mPh] loaded module [aggs-matrix-stats]
[2018-07-18T15:54:28,584][INFO ][o.e.p.PluginsService     ] [PbU7mPh] loaded module [ingest-common]
[2018-07-18T15:54:28,584][INFO ][o.e.p.PluginsService     ] [PbU7mPh] loaded module [lang-expression]
[2018-07-18T15:54:28,584][INFO ][o.e.p.PluginsService     ] [PbU7mPh] loaded module [lang-groovy]
[2018-07-18T15:54:28,584][INFO ][o.e.p.PluginsService     ] [PbU7mPh] loaded module [lang-mustache]
[2018-07-18T15:54:28,584][INFO ][o.e.p.PluginsService     ] [PbU7mPh] loaded module [lang-painless]
[2018-07-18T15:54:28,584][INFO ][o.e.p.PluginsService     ] [PbU7mPh] loaded module [parent-join]
[2018-07-18T15:54:28,584][INFO ][o.e.p.PluginsService     ] [PbU7mPh] loaded module [percolator]
[2018-07-18T15:54:28,585][INFO ][o.e.p.PluginsService     ] [PbU7mPh] loaded module [reindex]
[2018-07-18T15:54:28,585][INFO ][o.e.p.PluginsService     ] [PbU7mPh] loaded module [transport-netty3]
[2018-07-18T15:54:28,585][INFO ][o.e.p.PluginsService     ] [PbU7mPh] loaded module [transport-netty4]
[2018-07-18T15:54:28,585][INFO ][o.e.p.PluginsService     ] [PbU7mPh] no plugins loaded
[2018-07-18T15:54:29,415][ERROR][o.e.b.ElasticsearchUncaughtExceptionHandler] [] fatal error in thread [main], exiting
java.lang.ExceptionInInitializerError: null
	at org.apache.lucene.analysis.miscellaneous.StemmerOverrideFilter$Builder.build(StemmerOverrideFilter.java:205) ~[classes/:?]
	at org.apache.lucene.analysis.nl.DutchAnalyzer.<init>(DutchAnalyzer.java:133) ~[classes/:?]
	at org.apache.lucene.analysis.nl.DutchAnalyzer.<init>(DutchAnalyzer.java:106) ~[classes/:?]
	at org.elasticsearch.indices.analysis.PreBuiltAnalyzers$20.create(PreBuiltAnalyzers.java:246) ~[classes/:?]
	at org.elasticsearch.indices.analysis.PreBuiltAnalyzers.getAnalyzer(PreBuiltAnalyzers.java:487) ~[classes/:?]
	at org.elasticsearch.index.analysis.AnalysisRegistry$PrebuiltAnalysis.<init>(AnalysisRegistry.java:407) ~[classes/:?]
	at org.elasticsearch.index.analysis.AnalysisRegistry$PrebuiltAnalysis.<init>(AnalysisRegistry.java:392) ~[classes/:?]
	at org.elasticsearch.index.analysis.AnalysisRegistry.<init>(AnalysisRegistry.java:62) ~[classes/:?]
	at org.elasticsearch.indices.analysis.AnalysisModule.<init>(AnalysisModule.java:177) ~[classes/:?]
	at org.elasticsearch.node.Node.<init>(Node.java:340) ~[classes/:?]
	at org.elasticsearch.node.Node.<init>(Node.java:245) ~[classes/:?]
	at org.elasticsearch.bootstrap.Bootstrap$5.<init>(Bootstrap.java:233) ~[classes/:?]
	at org.elasticsearch.bootstrap.Bootstrap.setup(Bootstrap.java:233) ~[classes/:?]
	at org.elasticsearch.bootstrap.Bootstrap.init(Bootstrap.java:342) ~[classes/:?]
	at org.elasticsearch.bootstrap.Elasticsearch.init(Elasticsearch.java:132) ~[classes/:?]
	at org.elasticsearch.bootstrap.Elasticsearch.execute(Elasticsearch.java:123) ~[classes/:?]
	at org.elasticsearch.cli.EnvironmentAwareCommand.execute(EnvironmentAwareCommand.java:70) ~[classes/:?]
	at org.elasticsearch.cli.Command.mainWithoutErrorHandling(Command.java:134) ~[classes/:?]
	at org.elasticsearch.cli.Command.main(Command.java:90) ~[classes/:?]
	at org.elasticsearch.bootstrap.Elasticsearch.main(Elasticsearch.java:91) ~[classes/:?]
	at org.elasticsearch.bootstrap.Elasticsearch.main(Elasticsearch.java:84) ~[classes/:?]
Caused by: java.security.AccessControlException: access denied ("java.lang.RuntimePermission" "accessDeclaredMembers")
	at java.security.AccessControlContext.checkPermission(AccessControlContext.java:472) ~[?:1.8.0_77]
	at java.security.AccessController.checkPermission(AccessController.java:884) ~[?:1.8.0_77]
	at java.lang.SecurityManager.checkPermission(SecurityManager.java:549) ~[?:1.8.0_77]
	at java.lang.Class.checkMemberAccess(Class.java:2348) ~[?:1.8.0_77]
	at java.lang.Class.getDeclaredFields(Class.java:1915) ~[?:1.8.0_77]
	at org.apache.lucene.util.RamUsageEstimator$1.run(RamUsageEstimator.java:339) ~[classes/:?]
	at org.apache.lucene.util.RamUsageEstimator$1.run(RamUsageEstimator.java:336) ~[classes/:?]
	at java.security.AccessController.doPrivileged(Native Method) ~[?:1.8.0_77]
	at org.apache.lucene.util.RamUsageEstimator.shallowSizeOfInstance(RamUsageEstimator.java:336) ~[classes/:?]
	at org.apache.lucene.util.RamUsageEstimator.shallowSizeOf(RamUsageEstimator.java:313) ~[classes/:?]
	at org.apache.lucene.util.fst.ByteSequenceOutputs.<clinit>(ByteSequenceOutputs.java:154) ~[classes/:?]
	... 21 more
[2018-07-18T15:57:35,081][INFO ][o.e.n.Node               ] [] initializing ...
[2018-07-18T15:57:35,256][INFO ][o.e.e.NodeEnvironment    ] [PbU7mPh] using [1] data paths, mounts [[(E:)]], net usable_space [244.1gb], net total_space [259.9gb], spins? [unknown], types [NTFS]
[2018-07-18T15:57:35,256][INFO ][o.e.e.NodeEnvironment    ] [PbU7mPh] heap size [1.7gb], compressed ordinary object pointers [true]
[2018-07-18T15:57:35,259][INFO ][o.e.n.Node               ] node name [PbU7mPh] derived from node ID [PbU7mPhIRlC2pt2JAUEM_g]; set [node.name] to override
[2018-07-18T15:57:35,259][INFO ][o.e.n.Node               ] version[5.6.4-SNAPSHOT], pid[10856], build[Unknown/Unknown], OS[Windows 7/6.1/amd64], JVM[Oracle Corporation/Java HotSpot(TM) 64-Bit Server VM/1.8.0_77/25.77-b03]
[2018-07-18T15:57:35,259][INFO ][o.e.n.Node               ] JVM arguments [-Des.path.home=E:/git/esearch-elasticsearch/core, -Dlog4j2.disable.jmx=true, -javaagent:D:\Program Files\JetBrains\IntelliJ IDEA Community Edition 2018.1.1\lib\idea_rt.jar=52055:D:\Program Files\JetBrains\IntelliJ IDEA Community Edition 2018.1.1\bin, -Dfile.encoding=UTF-8]
[2018-07-18T15:57:35,259][WARN ][o.e.n.Node               ] version [5.6.4-SNAPSHOT] is a pre-release version of Elasticsearch and is not suitable for production
[2018-07-18T15:57:44,834][INFO ][o.e.p.PluginsService     ] [PbU7mPh] loaded module [aggs-matrix-stats]
[2018-07-18T15:57:44,834][INFO ][o.e.p.PluginsService     ] [PbU7mPh] loaded module [ingest-common]
[2018-07-18T15:57:44,834][INFO ][o.e.p.PluginsService     ] [PbU7mPh] loaded module [lang-expression]
[2018-07-18T15:57:44,834][INFO ][o.e.p.PluginsService     ] [PbU7mPh] loaded module [lang-groovy]
[2018-07-18T15:57:44,834][INFO ][o.e.p.PluginsService     ] [PbU7mPh] loaded module [lang-mustache]
[2018-07-18T15:57:44,835][INFO ][o.e.p.PluginsService     ] [PbU7mPh] loaded module [lang-painless]
[2018-07-18T15:57:44,835][INFO ][o.e.p.PluginsService     ] [PbU7mPh] loaded module [parent-join]
[2018-07-18T15:57:44,835][INFO ][o.e.p.PluginsService     ] [PbU7mPh] loaded module [percolator]
[2018-07-18T15:57:44,835][INFO ][o.e.p.PluginsService     ] [PbU7mPh] loaded module [reindex]
[2018-07-18T15:57:44,835][INFO ][o.e.p.PluginsService     ] [PbU7mPh] loaded module [transport-netty3]
[2018-07-18T15:57:44,835][INFO ][o.e.p.PluginsService     ] [PbU7mPh] loaded module [transport-netty4]
[2018-07-18T15:57:44,835][INFO ][o.e.p.PluginsService     ] [PbU7mPh] no plugins loaded
[2018-07-18T15:57:45,622][ERROR][o.e.b.ElasticsearchUncaughtExceptionHandler] [] fatal error in thread [main], exiting
java.lang.ExceptionInInitializerError: null
	at org.apache.lucene.analysis.miscellaneous.StemmerOverrideFilter$Builder.build(StemmerOverrideFilter.java:205) ~[classes/:?]
	at org.apache.lucene.analysis.nl.DutchAnalyzer.<init>(DutchAnalyzer.java:133) ~[classes/:?]
	at org.apache.lucene.analysis.nl.DutchAnalyzer.<init>(DutchAnalyzer.java:106) ~[classes/:?]
	at org.elasticsearch.indices.analysis.PreBuiltAnalyzers$20.create(PreBuiltAnalyzers.java:246) ~[classes/:?]
	at org.elasticsearch.indices.analysis.PreBuiltAnalyzers.getAnalyzer(PreBuiltAnalyzers.java:487) ~[classes/:?]
	at org.elasticsearch.index.analysis.AnalysisRegistry$PrebuiltAnalysis.<init>(AnalysisRegistry.java:407) ~[classes/:?]
	at org.elasticsearch.index.analysis.AnalysisRegistry$PrebuiltAnalysis.<init>(AnalysisRegistry.java:392) ~[classes/:?]
	at org.elasticsearch.index.analysis.AnalysisRegistry.<init>(AnalysisRegistry.java:62) ~[classes/:?]
	at org.elasticsearch.indices.analysis.AnalysisModule.<init>(AnalysisModule.java:177) ~[classes/:?]
	at org.elasticsearch.node.Node.<init>(Node.java:340) ~[classes/:?]
	at org.elasticsearch.node.Node.<init>(Node.java:245) ~[classes/:?]
	at org.elasticsearch.bootstrap.Bootstrap$5.<init>(Bootstrap.java:233) ~[classes/:?]
	at org.elasticsearch.bootstrap.Bootstrap.setup(Bootstrap.java:233) ~[classes/:?]
	at org.elasticsearch.bootstrap.Bootstrap.init(Bootstrap.java:342) ~[classes/:?]
	at org.elasticsearch.bootstrap.Elasticsearch.init(Elasticsearch.java:132) ~[classes/:?]
	at org.elasticsearch.bootstrap.Elasticsearch.execute(Elasticsearch.java:123) ~[classes/:?]
	at org.elasticsearch.cli.EnvironmentAwareCommand.execute(EnvironmentAwareCommand.java:70) ~[classes/:?]
	at org.elasticsearch.cli.Command.mainWithoutErrorHandling(Command.java:134) ~[classes/:?]
	at org.elasticsearch.cli.Command.main(Command.java:90) ~[classes/:?]
	at org.elasticsearch.bootstrap.Elasticsearch.main(Elasticsearch.java:91) ~[classes/:?]
	at org.elasticsearch.bootstrap.Elasticsearch.main(Elasticsearch.java:84) ~[classes/:?]
Caused by: java.security.AccessControlException: access denied ("java.lang.RuntimePermission" "accessDeclaredMembers")
	at java.security.AccessControlContext.checkPermission(AccessControlContext.java:472) ~[?:1.8.0_77]
	at java.security.AccessController.checkPermission(AccessController.java:884) ~[?:1.8.0_77]
	at java.lang.SecurityManager.checkPermission(SecurityManager.java:549) ~[?:1.8.0_77]
	at java.lang.Class.checkMemberAccess(Class.java:2348) ~[?:1.8.0_77]
	at java.lang.Class.getDeclaredFields(Class.java:1915) ~[?:1.8.0_77]
	at org.apache.lucene.util.RamUsageEstimator$1.run(RamUsageEstimator.java:339) ~[classes/:?]
	at org.apache.lucene.util.RamUsageEstimator$1.run(RamUsageEstimator.java:336) ~[classes/:?]
	at java.security.AccessController.doPrivileged(Native Method) ~[?:1.8.0_77]
	at org.apache.lucene.util.RamUsageEstimator.shallowSizeOfInstance(RamUsageEstimator.java:336) ~[classes/:?]
	at org.apache.lucene.util.RamUsageEstimator.shallowSizeOf(RamUsageEstimator.java:313) ~[classes/:?]
	at org.apache.lucene.util.fst.ByteSequenceOutputs.<clinit>(ByteSequenceOutputs.java:154) ~[classes/:?]
	... 21 more
[2018-07-18T15:59:30,855][INFO ][o.e.n.Node               ] [] initializing ...
[2018-07-18T15:59:31,000][INFO ][o.e.e.NodeEnvironment    ] [PbU7mPh] using [1] data paths, mounts [[(E:)]], net usable_space [244.1gb], net total_space [259.9gb], spins? [unknown], types [NTFS]
[2018-07-18T15:59:31,000][INFO ][o.e.e.NodeEnvironment    ] [PbU7mPh] heap size [1.7gb], compressed ordinary object pointers [true]
[2018-07-18T15:59:31,002][INFO ][o.e.n.Node               ] node name [PbU7mPh] derived from node ID [PbU7mPhIRlC2pt2JAUEM_g]; set [node.name] to override
[2018-07-18T15:59:31,002][INFO ][o.e.n.Node               ] version[5.6.4-SNAPSHOT], pid[4384], build[Unknown/Unknown], OS[Windows 7/6.1/amd64], JVM[Oracle Corporation/Java HotSpot(TM) 64-Bit Server VM/1.8.0_77/25.77-b03]
[2018-07-18T15:59:31,002][INFO ][o.e.n.Node               ] JVM arguments [-Des.path.home=E:/git/esearch-elasticsearch/core, -Dlog4j2.disable.jmx=true, -javaagent:D:\Program Files\JetBrains\IntelliJ IDEA Community Edition 2018.1.1\lib\idea_rt.jar=52197:D:\Program Files\JetBrains\IntelliJ IDEA Community Edition 2018.1.1\bin, -Dfile.encoding=UTF-8]
[2018-07-18T15:59:31,003][WARN ][o.e.n.Node               ] version [5.6.4-SNAPSHOT] is a pre-release version of Elasticsearch and is not suitable for production
[2018-07-18T15:59:40,707][INFO ][o.e.p.PluginsService     ] [PbU7mPh] loaded module [aggs-matrix-stats]
[2018-07-18T15:59:40,707][INFO ][o.e.p.PluginsService     ] [PbU7mPh] loaded module [ingest-common]
[2018-07-18T15:59:40,707][INFO ][o.e.p.PluginsService     ] [PbU7mPh] loaded module [lang-expression]
[2018-07-18T15:59:40,707][INFO ][o.e.p.PluginsService     ] [PbU7mPh] loaded module [lang-groovy]
[2018-07-18T15:59:40,707][INFO ][o.e.p.PluginsService     ] [PbU7mPh] loaded module [lang-mustache]
[2018-07-18T15:59:40,707][INFO ][o.e.p.PluginsService     ] [PbU7mPh] loaded module [lang-painless]
[2018-07-18T15:59:40,707][INFO ][o.e.p.PluginsService     ] [PbU7mPh] loaded module [parent-join]
[2018-07-18T15:59:40,707][INFO ][o.e.p.PluginsService     ] [PbU7mPh] loaded module [percolator]
[2018-07-18T15:59:40,707][INFO ][o.e.p.PluginsService     ] [PbU7mPh] loaded module [reindex]
[2018-07-18T15:59:40,707][INFO ][o.e.p.PluginsService     ] [PbU7mPh] loaded module [transport-netty3]
[2018-07-18T15:59:40,707][INFO ][o.e.p.PluginsService     ] [PbU7mPh] loaded module [transport-netty4]
[2018-07-18T15:59:40,707][INFO ][o.e.p.PluginsService     ] [PbU7mPh] no plugins loaded
[2018-07-18T15:59:41,439][ERROR][o.e.b.ElasticsearchUncaughtExceptionHandler] [] fatal error in thread [main], exiting
java.lang.ExceptionInInitializerError: null
	at org.apache.lucene.analysis.miscellaneous.StemmerOverrideFilter$Builder.build(StemmerOverrideFilter.java:205) ~[classes/:?]
	at org.apache.lucene.analysis.nl.DutchAnalyzer.<init>(DutchAnalyzer.java:133) ~[classes/:?]
	at org.apache.lucene.analysis.nl.DutchAnalyzer.<init>(DutchAnalyzer.java:106) ~[classes/:?]
	at org.elasticsearch.indices.analysis.PreBuiltAnalyzers$20.create(PreBuiltAnalyzers.java:246) ~[classes/:?]
	at org.elasticsearch.indices.analysis.PreBuiltAnalyzers.getAnalyzer(PreBuiltAnalyzers.java:487) ~[classes/:?]
	at org.elasticsearch.index.analysis.AnalysisRegistry$PrebuiltAnalysis.<init>(AnalysisRegistry.java:407) ~[classes/:?]
	at org.elasticsearch.index.analysis.AnalysisRegistry$PrebuiltAnalysis.<init>(AnalysisRegistry.java:392) ~[classes/:?]
	at org.elasticsearch.index.analysis.AnalysisRegistry.<init>(AnalysisRegistry.java:62) ~[classes/:?]
	at org.elasticsearch.indices.analysis.AnalysisModule.<init>(AnalysisModule.java:177) ~[classes/:?]
	at org.elasticsearch.node.Node.<init>(Node.java:340) ~[classes/:?]
	at org.elasticsearch.node.Node.<init>(Node.java:245) ~[classes/:?]
	at org.elasticsearch.bootstrap.Bootstrap$5.<init>(Bootstrap.java:233) ~[classes/:?]
	at org.elasticsearch.bootstrap.Bootstrap.setup(Bootstrap.java:233) ~[classes/:?]
	at org.elasticsearch.bootstrap.Bootstrap.init(Bootstrap.java:342) ~[classes/:?]
	at org.elasticsearch.bootstrap.Elasticsearch.init(Elasticsearch.java:132) ~[classes/:?]
	at org.elasticsearch.bootstrap.Elasticsearch.execute(Elasticsearch.java:123) ~[classes/:?]
	at org.elasticsearch.cli.EnvironmentAwareCommand.execute(EnvironmentAwareCommand.java:70) ~[classes/:?]
	at org.elasticsearch.cli.Command.mainWithoutErrorHandling(Command.java:134) ~[classes/:?]
	at org.elasticsearch.cli.Command.main(Command.java:90) ~[classes/:?]
	at org.elasticsearch.bootstrap.Elasticsearch.main(Elasticsearch.java:91) ~[classes/:?]
	at org.elasticsearch.bootstrap.Elasticsearch.main(Elasticsearch.java:84) ~[classes/:?]
Caused by: java.security.AccessControlException: access denied ("java.lang.RuntimePermission" "accessDeclaredMembers")
	at java.security.AccessControlContext.checkPermission(AccessControlContext.java:472) ~[?:1.8.0_77]
	at java.security.AccessController.checkPermission(AccessController.java:884) ~[?:1.8.0_77]
	at java.lang.SecurityManager.checkPermission(SecurityManager.java:549) ~[?:1.8.0_77]
	at java.lang.Class.checkMemberAccess(Class.java:2348) ~[?:1.8.0_77]
	at java.lang.Class.getDeclaredFields(Class.java:1915) ~[?:1.8.0_77]
	at org.apache.lucene.util.RamUsageEstimator$1.run(RamUsageEstimator.java:339) ~[classes/:?]
	at org.apache.lucene.util.RamUsageEstimator$1.run(RamUsageEstimator.java:336) ~[classes/:?]
	at java.security.AccessController.doPrivileged(Native Method) ~[?:1.8.0_77]
	at org.apache.lucene.util.RamUsageEstimator.shallowSizeOfInstance(RamUsageEstimator.java:336) ~[classes/:?]
	at org.apache.lucene.util.RamUsageEstimator.shallowSizeOf(RamUsageEstimator.java:313) ~[classes/:?]
	at org.apache.lucene.util.fst.ByteSequenceOutputs.<clinit>(ByteSequenceOutputs.java:154) ~[classes/:?]
	... 21 more
[2018-07-18T17:03:36,093][INFO ][o.e.n.Node               ] [] initializing ...
[2018-07-18T17:03:36,647][INFO ][o.e.e.NodeEnvironment    ] [PbU7mPh] using [1] data paths, mounts [[(E:)]], net usable_space [244.1gb], net total_space [259.9gb], spins? [unknown], types [NTFS]
[2018-07-18T17:03:36,647][INFO ][o.e.e.NodeEnvironment    ] [PbU7mPh] heap size [1.7gb], compressed ordinary object pointers [true]
[2018-07-18T17:03:36,651][INFO ][o.e.n.Node               ] node name [PbU7mPh] derived from node ID [PbU7mPhIRlC2pt2JAUEM_g]; set [node.name] to override
[2018-07-18T17:03:36,652][INFO ][o.e.n.Node               ] version[5.6.4-SNAPSHOT], pid[15540], build[Unknown/Unknown], OS[Windows 7/6.1/amd64], JVM[Oracle Corporation/Java HotSpot(TM) 64-Bit Server VM/1.8.0_77/25.77-b03]
[2018-07-18T17:03:36,652][INFO ][o.e.n.Node               ] JVM arguments [-Des.path.home=E:/git/esearch-elasticsearch/core, -Dlog4j2.disable.jmx=true, -javaagent:D:\Program Files\JetBrains\IntelliJ IDEA Community Edition 2018.1.1\lib\idea_rt.jar=57128:D:\Program Files\JetBrains\IntelliJ IDEA Community Edition 2018.1.1\bin, -Dfile.encoding=UTF-8]
[2018-07-18T17:03:36,652][WARN ][o.e.n.Node               ] version [5.6.4-SNAPSHOT] is a pre-release version of Elasticsearch and is not suitable for production
[2018-07-18T17:03:46,310][INFO ][o.e.p.PluginsService     ] [PbU7mPh] loaded module [aggs-matrix-stats]
[2018-07-18T17:03:46,310][INFO ][o.e.p.PluginsService     ] [PbU7mPh] loaded module [ingest-common]
[2018-07-18T17:03:46,310][INFO ][o.e.p.PluginsService     ] [PbU7mPh] loaded module [lang-expression]
[2018-07-18T17:03:46,310][INFO ][o.e.p.PluginsService     ] [PbU7mPh] loaded module [lang-groovy]
[2018-07-18T17:03:46,310][INFO ][o.e.p.PluginsService     ] [PbU7mPh] loaded module [lang-mustache]
[2018-07-18T17:03:46,310][INFO ][o.e.p.PluginsService     ] [PbU7mPh] loaded module [lang-painless]
[2018-07-18T17:03:46,310][INFO ][o.e.p.PluginsService     ] [PbU7mPh] loaded module [parent-join]
[2018-07-18T17:03:46,310][INFO ][o.e.p.PluginsService     ] [PbU7mPh] loaded module [percolator]
[2018-07-18T17:03:46,310][INFO ][o.e.p.PluginsService     ] [PbU7mPh] loaded module [reindex]
[2018-07-18T17:03:46,310][INFO ][o.e.p.PluginsService     ] [PbU7mPh] loaded module [transport-netty3]
[2018-07-18T17:03:46,310][INFO ][o.e.p.PluginsService     ] [PbU7mPh] loaded module [transport-netty4]
[2018-07-18T17:03:46,310][INFO ][o.e.p.PluginsService     ] [PbU7mPh] no plugins loaded
[2018-07-18T17:03:47,089][ERROR][o.e.b.ElasticsearchUncaughtExceptionHandler] [] fatal error in thread [main], exiting
java.lang.ExceptionInInitializerError: null
	at org.apache.lucene.analysis.miscellaneous.StemmerOverrideFilter$Builder.build(StemmerOverrideFilter.java:205) ~[classes/:?]
	at org.apache.lucene.analysis.nl.DutchAnalyzer.<init>(DutchAnalyzer.java:133) ~[classes/:?]
	at org.apache.lucene.analysis.nl.DutchAnalyzer.<init>(DutchAnalyzer.java:106) ~[classes/:?]
	at org.elasticsearch.indices.analysis.PreBuiltAnalyzers$20.create(PreBuiltAnalyzers.java:246) ~[classes/:?]
	at org.elasticsearch.indices.analysis.PreBuiltAnalyzers.getAnalyzer(PreBuiltAnalyzers.java:487) ~[classes/:?]
	at org.elasticsearch.index.analysis.AnalysisRegistry$PrebuiltAnalysis.<init>(AnalysisRegistry.java:407) ~[classes/:?]
	at org.elasticsearch.index.analysis.AnalysisRegistry$PrebuiltAnalysis.<init>(AnalysisRegistry.java:392) ~[classes/:?]
	at org.elasticsearch.index.analysis.AnalysisRegistry.<init>(AnalysisRegistry.java:62) ~[classes/:?]
	at org.elasticsearch.indices.analysis.AnalysisModule.<init>(AnalysisModule.java:177) ~[classes/:?]
	at org.elasticsearch.node.Node.<init>(Node.java:340) ~[classes/:?]
	at org.elasticsearch.node.Node.<init>(Node.java:245) ~[classes/:?]
	at org.elasticsearch.bootstrap.Bootstrap$5.<init>(Bootstrap.java:233) ~[classes/:?]
	at org.elasticsearch.bootstrap.Bootstrap.setup(Bootstrap.java:233) ~[classes/:?]
	at org.elasticsearch.bootstrap.Bootstrap.init(Bootstrap.java:342) ~[classes/:?]
	at org.elasticsearch.bootstrap.Elasticsearch.init(Elasticsearch.java:132) ~[classes/:?]
	at org.elasticsearch.bootstrap.Elasticsearch.execute(Elasticsearch.java:123) ~[classes/:?]
	at org.elasticsearch.cli.EnvironmentAwareCommand.execute(EnvironmentAwareCommand.java:70) ~[classes/:?]
	at org.elasticsearch.cli.Command.mainWithoutErrorHandling(Command.java:134) ~[classes/:?]
	at org.elasticsearch.cli.Command.main(Command.java:90) ~[classes/:?]
	at org.elasticsearch.bootstrap.Elasticsearch.main(Elasticsearch.java:91) ~[classes/:?]
	at org.elasticsearch.bootstrap.Elasticsearch.main(Elasticsearch.java:84) ~[classes/:?]
Caused by: java.security.AccessControlException: access denied ("java.lang.RuntimePermission" "accessDeclaredMembers")
	at java.security.AccessControlContext.checkPermission(AccessControlContext.java:472) ~[?:1.8.0_77]
	at java.security.AccessController.checkPermission(AccessController.java:884) ~[?:1.8.0_77]
	at java.lang.SecurityManager.checkPermission(SecurityManager.java:549) ~[?:1.8.0_77]
	at java.lang.Class.checkMemberAccess(Class.java:2348) ~[?:1.8.0_77]
	at java.lang.Class.getDeclaredFields(Class.java:1915) ~[?:1.8.0_77]
	at org.apache.lucene.util.RamUsageEstimator$1.run(RamUsageEstimator.java:339) ~[classes/:?]
	at org.apache.lucene.util.RamUsageEstimator$1.run(RamUsageEstimator.java:336) ~[classes/:?]
	at java.security.AccessController.doPrivileged(Native Method) ~[?:1.8.0_77]
	at org.apache.lucene.util.RamUsageEstimator.shallowSizeOfInstance(RamUsageEstimator.java:336) ~[classes/:?]
	at org.apache.lucene.util.RamUsageEstimator.shallowSizeOf(RamUsageEstimator.java:313) ~[classes/:?]
	at org.apache.lucene.util.fst.ByteSequenceOutputs.<clinit>(ByteSequenceOutputs.java:154) ~[classes/:?]
	... 21 more
