[2018-07-25T15:39:34,024][INFO ][o.e.n.Node               ] [] initializing ...
[2018-07-25T15:39:34,880][INFO ][o.e.e.NodeEnvironment    ] [PbU7mPh] using [1] data paths, mounts [[(E:)]], net usable_space [243gb], net total_space [259.9gb], spins? [unknown], types [NTFS]
[2018-07-25T15:39:34,880][INFO ][o.e.e.NodeEnvironment    ] [PbU7mPh] heap size [1.7gb], compressed ordinary object pointers [true]
[2018-07-25T15:39:34,884][INFO ][o.e.n.Node               ] node name [PbU7mPh] derived from node ID [PbU7mPhIRlC2pt2JAUEM_g]; set [node.name] to override
[2018-07-25T15:39:34,885][INFO ][o.e.n.Node               ] version[5.6.4-SNAPSHOT], pid[20060], build[Unknown/Unknown], OS[Windows 7/6.1/amd64], JVM[Oracle Corporation/Java HotSpot(TM) 64-Bit Server VM/1.8.0_77/25.77-b03]
[2018-07-25T15:39:34,885][INFO ][o.e.n.Node               ] JVM arguments [-Des.path.home=E:/git/esearch-elasticsearch/core, -Dlog4j2.disable.jmx=true, -javaagent:D:\Program Files\JetBrains\IntelliJ IDEA Community Edition 2018.1.1\lib\idea_rt.jar=64641:D:\Program Files\JetBrains\IntelliJ IDEA Community Edition 2018.1.1\bin, -Dfile.encoding=UTF-8]
[2018-07-25T15:39:34,885][WARN ][o.e.n.Node               ] version [5.6.4-SNAPSHOT] is a pre-release version of Elasticsearch and is not suitable for production
[2018-07-25T15:39:46,883][INFO ][o.e.p.PluginsService     ] [PbU7mPh] loaded module [aggs-matrix-stats]
[2018-07-25T15:39:46,883][INFO ][o.e.p.PluginsService     ] [PbU7mPh] loaded module [ingest-common]
[2018-07-25T15:39:46,883][INFO ][o.e.p.PluginsService     ] [PbU7mPh] loaded module [lang-expression]
[2018-07-25T15:39:46,883][INFO ][o.e.p.PluginsService     ] [PbU7mPh] loaded module [lang-groovy]
[2018-07-25T15:39:46,883][INFO ][o.e.p.PluginsService     ] [PbU7mPh] loaded module [lang-mustache]
[2018-07-25T15:39:46,883][INFO ][o.e.p.PluginsService     ] [PbU7mPh] loaded module [lang-painless]
[2018-07-25T15:39:46,883][INFO ][o.e.p.PluginsService     ] [PbU7mPh] loaded module [parent-join]
[2018-07-25T15:39:46,883][INFO ][o.e.p.PluginsService     ] [PbU7mPh] loaded module [percolator]
[2018-07-25T15:39:46,883][INFO ][o.e.p.PluginsService     ] [PbU7mPh] loaded module [reindex]
[2018-07-25T15:39:46,883][INFO ][o.e.p.PluginsService     ] [PbU7mPh] loaded module [transport-netty3]
[2018-07-25T15:39:46,884][INFO ][o.e.p.PluginsService     ] [PbU7mPh] loaded module [transport-netty4]
[2018-07-25T15:39:46,884][INFO ][o.e.p.PluginsService     ] [PbU7mPh] no plugins loaded
[2018-07-25T15:39:50,015][ERROR][o.e.b.ElasticsearchUncaughtExceptionHandler] [] fatal error in thread [main], exiting
java.lang.ExceptionInInitializerError: null
	at org.apache.lucene.analysis.miscellaneous.StemmerOverrideFilter$Builder.build(StemmerOverrideFilter.java:205) ~[classes/:?]
	at org.apache.lucene.analysis.nl.DutchAnalyzer.<init>(DutchAnalyzer.java:133) ~[classes/:?]
	at org.apache.lucene.analysis.nl.DutchAnalyzer.<init>(DutchAnalyzer.java:106) ~[classes/:?]
	at org.elasticsearch.indices.analysis.PreBuiltAnalyzers$20.create(PreBuiltAnalyzers.java:246) ~[classes/:?]
	at org.elasticsearch.indices.analysis.PreBuiltAnalyzers.getAnalyzer(PreBuiltAnalyzers.java:487) ~[classes/:?]
	at org.elasticsearch.index.analysis.AnalysisRegistry$PrebuiltAnalysis.<init>(AnalysisRegistry.java:407) ~[classes/:?]
	at org.elasticsearch.index.analysis.AnalysisRegistry$PrebuiltAnalysis.<init>(AnalysisRegistry.java:392) ~[classes/:?]
	at org.elasticsearch.index.analysis.AnalysisRegistry.<init>(AnalysisRegistry.java:62) ~[classes/:?]
	at org.elasticsearch.indices.analysis.AnalysisModule.<init>(AnalysisModule.java:177) ~[classes/:?]
	at org.elasticsearch.node.Node.<init>(Node.java:340) ~[classes/:?]
	at org.elasticsearch.node.Node.<init>(Node.java:245) ~[classes/:?]
	at org.elasticsearch.bootstrap.Bootstrap$5.<init>(Bootstrap.java:233) ~[classes/:?]
	at org.elasticsearch.bootstrap.Bootstrap.setup(Bootstrap.java:233) ~[classes/:?]
	at org.elasticsearch.bootstrap.Bootstrap.init(Bootstrap.java:342) ~[classes/:?]
	at org.elasticsearch.bootstrap.Elasticsearch.init(Elasticsearch.java:132) ~[classes/:?]
	at org.elasticsearch.bootstrap.Elasticsearch.execute(Elasticsearch.java:123) ~[classes/:?]
	at org.elasticsearch.cli.EnvironmentAwareCommand.execute(EnvironmentAwareCommand.java:70) ~[classes/:?]
	at org.elasticsearch.cli.Command.mainWithoutErrorHandling(Command.java:134) ~[classes/:?]
	at org.elasticsearch.cli.Command.main(Command.java:90) ~[classes/:?]
	at org.elasticsearch.bootstrap.Elasticsearch.main(Elasticsearch.java:91) ~[classes/:?]
	at org.elasticsearch.bootstrap.Elasticsearch.main(Elasticsearch.java:84) ~[classes/:?]
Caused by: java.security.AccessControlException: access denied ("java.lang.RuntimePermission" "accessDeclaredMembers")
	at java.security.AccessControlContext.checkPermission(AccessControlContext.java:472) ~[?:1.8.0_77]
	at java.security.AccessController.checkPermission(AccessController.java:884) ~[?:1.8.0_77]
	at java.lang.SecurityManager.checkPermission(SecurityManager.java:549) ~[?:1.8.0_77]
	at java.lang.Class.checkMemberAccess(Class.java:2348) ~[?:1.8.0_77]
	at java.lang.Class.getDeclaredFields(Class.java:1915) ~[?:1.8.0_77]
	at org.apache.lucene.util.RamUsageEstimator$1.run(RamUsageEstimator.java:339) ~[classes/:?]
	at org.apache.lucene.util.RamUsageEstimator$1.run(RamUsageEstimator.java:336) ~[classes/:?]
	at java.security.AccessController.doPrivileged(Native Method) ~[?:1.8.0_77]
	at org.apache.lucene.util.RamUsageEstimator.shallowSizeOfInstance(RamUsageEstimator.java:336) ~[classes/:?]
	at org.apache.lucene.util.RamUsageEstimator.shallowSizeOf(RamUsageEstimator.java:313) ~[classes/:?]
	at org.apache.lucene.util.fst.ByteSequenceOutputs.<clinit>(ByteSequenceOutputs.java:154) ~[classes/:?]
	... 21 more
